<?xml version="1.0" encoding="UTF-8"?>
<!-- Generated by org.testng.reporters.JUnitReportReporter -->
<testsuite hostname="DESKTOP-2N1RO90" failures="0" tests="1" name="TestNGG.Asserteual" time="0.017" errors="0" timestamp="2023-01-05T18:51:51 IST" skipped="0">
  <testcase classname="TestNGG.Asserteual" name="m1" time="0.017"/>
  <system-out>
    <![CDATA[running m1()]]>
  </system-out>
</testsuite> <!-- TestNGG.Asserteual -->
