<?xml version="1.0" encoding="UTF-8"?>
<!-- Generated by org.testng.reporters.JUnitReportReporter -->
<testsuite hostname="DESKTOP-2N1RO90" failures="0" tests="4" name="TestNGG.Priority" time="0.025" errors="0" timestamp="2023-01-05T20:55:46 IST" skipped="0">
  <testcase classname="TestNGG.Priority" name="prabhas" time="0.018"/>
  <system-out>
    <![CDATA[running prabhas]]>
  </system-out>
  <testcase classname="TestNGG.Priority" name="eshwar" time="0.002"/>
  <system-out>
    <![CDATA[running eshwar]]>
  </system-out>
  <testcase classname="TestNGG.Priority" name="dhanush" time="0.003"/>
  <system-out>
    <![CDATA[running dhanush]]>
  </system-out>
  <testcase classname="TestNGG.Priority" name="alluarjun" time="0.002"/>
  <system-out>
    <![CDATA[running alluarjun]]>
  </system-out>
</testsuite> <!-- TestNGG.Priority -->
