<?xml version="1.0" encoding="UTF-8"?>
<!-- Generated by org.testng.reporters.JUnitReportReporter -->
<testsuite hostname="DESKTOP-2N1RO90" failures="0" tests="1" name="TestNGG.Parallel3" time="19.108" errors="0" timestamp="2023-01-13T23:58:55 IST" skipped="0">
  <testcase classname="TestNGG.Parallel3" name="tc3" time="19.108"/>
  <system-out/>
</testsuite> <!-- TestNGG.Parallel3 -->
