<?xml version="1.0" encoding="UTF-8"?>
<!-- Generated by org.testng.reporters.JUnitReportReporter -->
<testsuite hostname="DESKTOP-2N1RO90" failures="0" tests="1" name="TestNGG.Parallel1" time="19.414" errors="0" timestamp="2023-01-13T23:58:55 IST" skipped="0">
  <testcase classname="TestNGG.Parallel1" name="tc1" time="19.414"/>
  <system-out/>
</testsuite> <!-- TestNGG.Parallel1 -->
