<?xml version="1.0" encoding="UTF-8"?>
<!-- Generated by org.testng.reporters.JUnitReportReporter -->
<testsuite hostname="DESKTOP-2N1RO90" failures="0" tests="1" name="TestNGG.TestngAnnotations" time="0.011" errors="0" timestamp="2023-01-11T18:33:45 IST" skipped="0">
  <testcase classname="TestNGG.TestngAnnotations" name="verifyText" time="0.011"/>
  <system-out>
    <![CDATA[Running actual test cases]]>
  </system-out>
</testsuite> <!-- TestNGG.TestngAnnotations -->
