<?xml version="1.0" encoding="UTF-8"?>
<!-- Generated by org.testng.reporters.JUnitReportReporter -->
<testsuite hostname="DESKTOP-2N1RO90" failures="0" tests="1" name="TestNGG.Test_new" time="9.343" errors="0" timestamp="2022-12-28T17:38:22 IST" skipped="0">
  <testcase classname="TestNGG.Test_new" name="TC1" time="9.343"/>
  <system-out>
    <![CDATA[Test case is pass]]>
  </system-out>
</testsuite> <!-- TestNGG.Test_new -->
