<?xml version="1.0" encoding="UTF-8"?>
<!-- Generated by org.testng.reporters.JUnitReportReporter -->
<testsuite hostname="DESKTOP-2N1RO90" failures="0" tests="2" name="TestNGG.Enabled" time="0.016" errors="0" timestamp="2023-01-05T21:00:50 IST" skipped="1">
  <testcase classname="TestNGG.Enabled" name="tc1" time="0.016"/>
  <system-out>
    <![CDATA[i ts my first program in testng]]>
  </system-out>
  <testcase classname="TestNGG.Enabled" name="tc2">
    <skipped/>
  </testcase> <!-- tc2 -->
  <system-out/>
</testsuite> <!-- TestNGG.Enabled -->
