<?xml version="1.0" encoding="UTF-8"?>
<!-- Generated by org.testng.reporters.JUnitReportReporter -->
<testsuite hostname="DESKTOP-2N1RO90" failures="0" tests="1" name="TestNGG.Parallel2" time="14.843" errors="0" timestamp="2023-01-13T23:58:55 IST" skipped="0">
  <testcase classname="TestNGG.Parallel2" name="tc2" time="14.843"/>
  <system-out/>
</testsuite> <!-- TestNGG.Parallel2 -->
