<?xml version="1.0" encoding="UTF-8"?>
<!-- Generated by org.testng.reporters.JUnitReportReporter -->
<testsuite hostname="DESKTOP-2N1RO90" failures="0" tests="1" name="testng.test1" time="16.195" errors="0" timestamp="2022-12-27T19:22:11 IST" skipped="0">
  <testcase classname="testng.test1" name="TC1" time="16.195"/>
  <system-out/>
</testsuite> <!-- testng.test1 -->
